<?xml version="1.0" encoding="UTF-8"?>
<robot generator="Robot 4.1 (Python 3.8.10 on linux)" generated="20210812 16:53:07.075" rpa="false" schemaversion="2">
<suite id="s1" name="Getwtoken" source="/home/maulana/labs/test-api/test/getwtoken.robot">
<test id="s1-t1" name="Generate Admin Token">
<kw name="Create Session" library="RequestsLibrary">
<arg>session</arg>
<arg>${base_url}</arg>
<doc>Create Session: create a HTTP session to a server</doc>
<msg timestamp="20210812 16:53:07.288" level="INFO">Creating Session using : alias=session, url=http://localhost:8080, headers={},                     cookies={}, auth=None, timeout=None, proxies=None, verify=False,                     debug=0 </msg>
<status status="PASS" starttime="20210812 16:53:07.288" endtime="20210812 16:53:07.289"/>
</kw>
<kw name="Create Dictionary" library="BuiltIn">
<var>${header}</var>
<arg>Authorization=${bearer_tokern}</arg>
<arg>Content-Type=application/json</arg>
<doc>Creates and returns a dictionary based on the given ``items``.</doc>
<msg timestamp="20210812 16:53:07.289" level="INFO">${header} = {'Authorization': 'Bearer eyJhbGciOiJSUzI1NiIsInR5cCIgOiAiSldUIiwia2lkIiA6ICJ1dEJhNXRWMkl3ZzBjcVJISWU4cl9hSDg1Q3BnUk9KbUN0Vmx5U3FSSGRjIn0.eyJleHAiOjE2Mjg3NjIwMTQsImlhdCI6MTYyODc2MTk1NCwianRpIjoiMTFmOG...</msg>
<status status="PASS" starttime="20210812 16:53:07.289" endtime="20210812 16:53:07.289"/>
</kw>
<kw name="Get Request" library="RequestsLibrary">
<var>${response}</var>
<arg>session</arg>
<arg>/auth/admin/realms/master/users</arg>
<arg>headers=${header}</arg>
<doc>*DEPRECATED* Please use `GET On Session` instead.</doc>
<msg timestamp="20210812 16:53:07.290" level="WARN">Keyword 'RequestsLibrary.Get Request' is deprecated. Please use `GET On Session` instead.</msg>
<msg timestamp="20210812 16:53:07.305" level="INFO">GET Request : url=http://localhost:8080/auth/admin/realms/master/users 
 path_url=/auth/admin/realms/master/users 
 headers={'User-Agent': 'python-requests/2.26.0', 'Accept-Encoding': 'gzip, deflate', 'Accept': '*/*', 'Connection': 'keep-alive', 'Authorization': 'Bearer eyJhbGciOiJSUzI1NiIsInR5cCIgOiAiSldUIiwia2lkIiA6ICJ1dEJhNXRWMkl3ZzBjcVJISWU4cl9hSDg1Q3BnUk9KbUN0Vmx5U3FSSGRjIn0.eyJleHAiOjE2Mjg3NjIwMTQsImlhdCI6MTYyODc2MTk1NCwianRpIjoiMTFmOGQ0NTctYjFlMS00MjhjLThhNzItMDA5ODcxNDM4ODM5IiwiaXNzIjoiaHR0cDovL2xvY2FsaG9zdDo4MDgwL2F1dGgvcmVhbG1zL21hc3RlciIsInN1YiI6IjhjZjZlZGIwLTdiNGUtNDI5MS1iMjc0LWNjYmExY2I2NGIyMCIsInR5cCI6IkJlYXJlciIsImF6cCI6ImFkbWluLWNsaSIsInNlc3Npb25fc3RhdGUiOiI4N2IxMzBjZi03MGE4LTQwMjQtODllMS02YmFiODhjYjI4ZmYiLCJhY3IiOiIxIiwic2NvcGUiOiJwcm9maWxlIGVtYWlsIiwiZW1haWxfdmVyaWZpZWQiOmZhbHNlLCJwcmVmZXJyZWRfdXNlcm5hbWUiOiJhZG1pbiJ9.QP9Wveqs8vNGmjKGjr86zqRiFdAb9sQn_24s1oDm8gVQI89e-JTHjTEoZZJ5hppWbNUzhGH-LtR4ceOhYqrYD6RJnG_GNtQDUF6eXJCVETRQJOOUChwoyerl7BBHe7POXIdgJvPGjbzpq9e0GxmTXCvQYCw8eLsi6O9HX8I5nuoQk1epxFof1SznojJ0qU_daR9uofvk_k7essesVyStpdhSljqJUuyk15THY0HbpkVtBpZrogFm6sRljqgKWM8Fb5dyepcUVa7jpayTAAhDOHaYSlDOPJNfgIsCBbMToP8rYj5yAc1aEXbCfXsGHSJeW4FtLrfcOtIFK1mJOyHwsA', 'Content-Type': 'application/json'} 
 body=None 
 </msg>
<msg timestamp="20210812 16:53:07.305" level="INFO">GET Response : url=http://localhost:8080/auth/admin/realms/master/users 
 status=200, reason=OK 
 headers={'Cache-Control': 'no-cache', 'X-XSS-Protection': '1; mode=block', 'X-Frame-Options': 'SAMEORIGIN', 'Referrer-Policy': 'no-referrer', 'Date': 'Thu, 12 Aug 2021 09:53:07 GMT', 'Connection': 'keep-alive', 'Strict-Transport-Security': 'max-age=31536000; includeSubDomains', 'X-Content-Type-Options': 'nosniff', 'Content-Type': 'application/json', 'Content-Length': '698'} 
 body=[{"id":"8cf6edb0-7b4e-4291-b274-ccba1cb64b20","createdTimestamp":1628751552382,"username":"admin","enabled":true,"totp":false,"emailVerified":false,"disableableCredentialTypes":[],"requiredActions":[],"notBefore":0,"access":{"manageGroupMembership":true,"view":true,"mapRoles":true,"impersonate":true,"manage":true}},{"id":"70e2b002-48ad-4867-9993-c8dedbbc93b6","createdTimestamp":1628751839593,"username":"user-123-","enabled":true,"totp":false,"emailVerified":false,"firstName":"coba","lastName":"test","email":"mail@coba.com","disableableCredentialTypes":[],"requiredActions":[],"notBefore":0,"access":{"manageGroupMembership":true,"view":true,"mapRoles":true,"impersonate":true,"manage":true}}] 
 </msg>
<msg timestamp="20210812 16:53:07.306" level="INFO">${response} = &lt;Response [200]&gt;</msg>
<status status="PASS" starttime="20210812 16:53:07.290" endtime="20210812 16:53:07.306"/>
</kw>
<kw name="Log To Console" library="BuiltIn">
<arg>${response.content}</arg>
<doc>Logs the given message to the console.</doc>
<status status="PASS" starttime="20210812 16:53:07.306" endtime="20210812 16:53:07.307"/>
</kw>
<status status="PASS" starttime="20210812 16:53:07.287" endtime="20210812 16:53:07.307"/>
</test>
<status status="PASS" starttime="20210812 16:53:07.076" endtime="20210812 16:53:07.308"/>
</suite>
<statistics>
<total>
<stat pass="1" fail="0" skip="0">All Tests</stat>
</total>
<tag>
</tag>
<suite>
<stat pass="1" fail="0" skip="0" id="s1" name="Getwtoken">Getwtoken</stat>
</suite>
</statistics>
<errors>
<msg timestamp="20210812 16:53:07.290" level="WARN">Keyword 'RequestsLibrary.Get Request' is deprecated. Please use `GET On Session` instead.</msg>
</errors>
</robot>
